app/build/intermediates/manifest_merge_blame_file/debug/manifest-merger-blame-debug-report.txt
1<?xml version="1.0" encoding="utf-8"?>
2<manifest xmlns:android="http://schemas.android.com/apk/res/android"
3    package="com.example.ads"
4    android:versionCode="1"
5    android:versionName="1.0" >
6
7    <uses-sdk
8        android:minSdkVersion="21"
8-->src\main\AndroidManifest.xml
9        android:targetSdkVersion="29" />
9-->src\main\AndroidManifest.xml
10
11    <uses-permission android:name="android.permission.INTERNET" />
11-->src\main\AndroidManifest.xml:5:5-66
11-->src\main\AndroidManifest.xml:5:22-64
12    <uses-permission android:name="android.permission.ACCESS_NETWORK_STATE" />
12-->src\main\AndroidManifest.xml:6:5-78
12-->src\main\AndroidManifest.xml:6:22-76
13
14    <application
14-->src\main\AndroidManifest.xml:8:5-31:19
15        android:allowBackup="true"
15-->src\main\AndroidManifest.xml:9:9-35
16        android:appComponentFactory="androidx.core.app.CoreComponentFactory"
16-->[androidx.core:core:1.1.0] AndroidManifest.xml:24:18-86
17        android:debuggable="true"
18        android:icon="@mipmap/ic_launcher"
18-->src\main\AndroidManifest.xml:10:9-43
19        android:label="@string/app_name"
19-->src\main\AndroidManifest.xml:11:9-41
20        android:roundIcon="@mipmap/ic_launcher_round"
20-->src\main\AndroidManifest.xml:12:9-54
21        android:supportsRtl="true"
21-->src\main\AndroidManifest.xml:13:9-35
22        android:theme="@style/AppTheme" >
22-->src\main\AndroidManifest.xml:14:9-40
23        <meta-data
23-->src\main\AndroidManifest.xml:16:9-18:69
24            android:name="com.google.android.gms.ads.APPLICATION_ID"
24-->src\main\AndroidManifest.xml:17:13-69
25            android:value="ca-app-pub-4508821759736256~6268108226" />
25-->src\main\AndroidManifest.xml:18:13-67
26
27        <activity android:name="com.example.ads.NativeAds" />
27-->src\main\AndroidManifest.xml:20:9-56
27-->src\main\AndroidManifest.xml:20:19-44
28        <activity android:name="com.example.ads.InterstitialAds" />
28-->src\main\AndroidManifest.xml:21:9-53
28-->src\main\AndroidManifest.xml:21:19-50
29        <activity android:name="com.example.ads.RewardedAds" />
29-->src\main\AndroidManifest.xml:22:9-49
29-->src\main\AndroidManifest.xml:22:19-46
30        <activity android:name="com.example.ads.BannerAds" />
30-->src\main\AndroidManifest.xml:23:9-47
30-->src\main\AndroidManifest.xml:23:19-44
31        <activity android:name="com.example.ads.MainActivity" >
31-->src\main\AndroidManifest.xml:24:9-30:20
31-->src\main\AndroidManifest.xml:24:19-47
32            <intent-filter>
32-->src\main\AndroidManifest.xml:25:13-29:29
33                <action android:name="android.intent.action.MAIN" />
33-->src\main\AndroidManifest.xml:26:17-69
33-->src\main\AndroidManifest.xml:26:25-66
34
35                <category android:name="android.intent.category.LAUNCHER" />
35-->src\main\AndroidManifest.xml:28:17-77
35-->src\main\AndroidManifest.xml:28:27-74
36            </intent-filter>
37        </activity>
38        <!-- Include the AdActivity and InAppPurchaseActivity configChanges and themes. -->
39        <activity
39-->[com.google.android.gms:play-services-ads-lite:15.0.1] AndroidManifest.xml:29:9-33:64
40            android:name="com.google.android.gms.ads.AdActivity"
40-->[com.google.android.gms:play-services-ads-lite:15.0.1] AndroidManifest.xml:30:13-65
41            android:configChanges="keyboard|keyboardHidden|orientation|screenLayout|uiMode|screenSize|smallestScreenSize"
41-->[com.google.android.gms:play-services-ads-lite:15.0.1] AndroidManifest.xml:31:13-122
42            android:exported="false"
42-->[com.google.android.gms:play-services-ads-lite:15.0.1] AndroidManifest.xml:32:13-37
43            android:theme="@android:style/Theme.Translucent" />
43-->[com.google.android.gms:play-services-ads-lite:15.0.1] AndroidManifest.xml:33:13-61
44
45        <meta-data
45-->[com.google.android.gms:play-services-basement:15.0.1] AndroidManifest.xml:23:9-25:69
46            android:name="com.google.android.gms.version"
46-->[com.google.android.gms:play-services-basement:15.0.1] AndroidManifest.xml:24:13-58
47            android:value="@integer/google_play_services_version" />
47-->[com.google.android.gms:play-services-basement:15.0.1] AndroidManifest.xml:25:13-66
48    </application>
49
50</manifest>